<?xml version="1.0" encoding="UTF-8"?>
<!-- Generated by org.testng.reporters.JUnitReportReporter -->
<testsuite skipped="0" hostname="soul-PC" name="com.bootcamp.GenerateTableTest" tests="8" failures="0" timestamp="28 oct. 2017 13:57:42 GMT" time="15.859" errors="0">
  <testcase name="generateTables" time="0.038" classname="com.bootcamp.GenerateTableTest"/>
  <testcase name="createBailleurTest" time="5.530" classname="com.bootcamp.GenerateTableTest"/>
  <testcase name="indicateurPerformanceTest" time="0.040" classname="com.bootcamp.GenerateTableTest"/>
  <testcase name="createBeneficiaireTest" time="0.111" classname="com.bootcamp.GenerateTableTest"/>
  <testcase name="createFournisseurTest" time="0.051" classname="com.bootcamp.GenerateTableTest"/>
  <testcase name="queryFindUnique" time="0.085" classname="com.bootcamp.GenerateTableTest"/>
  <testcase name="generateQueryWithMySqlTest" time="1.022" classname="com.bootcamp.GenerateTableTest"/>
  <testcase name="createChangePUTest" time="8.982" classname="com.bootcamp.GenerateTableTest"/>
</testsuite> <!-- com.bootcamp.GenerateTableTest -->
