<?xml version="1.0" encoding="UTF-8"?>
<!-- Generated by org.testng.reporters.JUnitReportReporter -->
<testsuite skipped="0" hostname="soul-PC" name="com.bootcamp.RestBailleurTest" tests="1" failures="0" timestamp="28 oct. 2017 13:57:42 GMT" time="0.085" errors="0">
  <testcase name="queryFindUnique" time="0.085" classname="com.bootcamp.RestBailleurTest"/>
</testsuite> <!-- com.bootcamp.RestBailleurTest -->
